<?xml version="1.0" encoding="UTF-8"?>
<!-- Generated by org.testng.reporters.JUnitReportReporter -->
<testsuite hostname="Rohit" failures="0" tests="4" name="Base_Utility.SourceDemo" time="17.125" errors="0" timestamp="2025-06-03T15:40:05 IST" skipped="0">
  <testcase classname="Base_Utility.SourceDemo" name="getDetails" time="8.008"/>
  <testcase classname="Base_Utility.SourceDemo" name="getDetails" time="2.339"/>
  <testcase classname="Base_Utility.SourceDemo" name="getDetails" time="4.432"/>
  <testcase classname="Base_Utility.SourceDemo" name="getDetails" time="2.346"/>
</testsuite> <!-- Base_Utility.SourceDemo -->
