<?xml version="1.0" encoding="UTF-8"?>
<!-- Generated by org.testng.reporters.JUnitReportReporter -->
<testsuite hostname="Rohit" failures="0" tests="2" name="Programs.Demo" time="0.028" errors="0" timestamp="2025-05-28T10:12:57 IST" skipped="0">
  <testcase classname="Programs.Demo" name="Demog" time="0.026">
    <system-out>
      <![CDATA[String]]>
    </system-out>
  </testcase> <!-- Demog -->
  <testcase classname="Programs.Demo" name="Demoggg" time="0.002">
    <system-out>
      <![CDATA[String ]]>
    </system-out>
  </testcase> <!-- Demoggg -->
  <system-out>
    <![CDATA[String
String ]]>
  </system-out>
</testsuite> <!-- Programs.Demo -->
