<?xml version="1.0" encoding="UTF-8"?>
<!-- Generated by org.testng.reporters.JUnitReportReporter -->
<testsuite hostname="Rohit" failures="0" tests="1" name="Types_of_Execution.Demo3" time="1.508" errors="0" timestamp="2025-05-28T23:40:29 IST" skipped="0">
  <testcase classname="Types_of_Execution.Demo3" name="Demo" time="1.508">
    <system-out>
      <![CDATA[Third]]>
    </system-out>
  </testcase> <!-- Demo -->
  <system-out>
    <![CDATA[Fourth
Third]]>
  </system-out>
</testsuite> <!-- Types_of_Execution.Demo3 -->
