<?xml version="1.0" encoding="UTF-8"?>
<!-- Generated by org.testng.reporters.JUnitReportReporter -->
<testsuite hostname="Rohit" failures="0" tests="1" name="Types_of_Execution.Demo5" time="0.011" errors="0" timestamp="2025-05-28T15:32:25 IST" skipped="0">
  <testcase classname="Types_of_Execution.Demo5" name="Demo" time="0.011">
    <system-out>
      <![CDATA[Fifth]]>
    </system-out>
  </testcase> <!-- Demo -->
  <system-out>
    <![CDATA[Fifth
Fourth
Third]]>
  </system-out>
</testsuite> <!-- Types_of_Execution.Demo5 -->
