<?xml version="1.0" encoding="UTF-8"?>
<!-- Generated by org.testng.reporters.JUnitReportReporter -->
<testsuite hostname="Rohit" failures="0" tests="1" name="Types_of_Execution.Demo" time="0.011" errors="0" timestamp="2025-05-28T15:22:49 IST" skipped="0">
  <testcase classname="Types_of_Execution.Demo" name="Demo" time="0.011">
    <system-out>
      <![CDATA[FIRST]]>
    </system-out>
  </testcase> <!-- Demo -->
  <system-out>
    <![CDATA[FIRST]]>
  </system-out>
</testsuite> <!-- Types_of_Execution.Demo -->
